{"/home/em/Desktop/project/AltBlog/app.js": {"path":"/home/em/Desktop/project/AltBlog/app.js","statementMap":{"0":{"start":{"line":1,"column":16},"end":{"line":1,"column":34}},"1":{"start":{"line":2,"column":17},"end":{"line":2,"column":36}},"2":{"start":{"line":3,"column":13},"end":{"line":3,"column":28}},"3":{"start":{"line":4,"column":0},"end":{"line":4,"column":27}},"4":{"start":{"line":6,"column":17},"end":{"line":6,"column":44}},"5":{"start":{"line":8,"column":13},"end":{"line":8,"column":29}},"6":{"start":{"line":9,"column":20},"end":{"line":9,"column":43}},"7":{"start":{"line":11,"column":12},"end":{"line":11,"column":21}},"8":{"start":{"line":12,"column":0},"end":{"line":12,"column":30}},"9":{"start":{"line":13,"column":0},"end":{"line":13,"column":26}},"10":{"start":{"line":14,"column":0},"end":{"line":14,"column":49}},"11":{"start":{"line":15,"column":0},"end":{"line":15,"column":56}},"12":{"start":{"line":17,"column":0},"end":{"line":17,"column":30}},"13":{"start":{"line":19,"column":18},"end":{"line":19,"column":42}},"14":{"start":{"line":20,"column":18},"end":{"line":20,"column":42}},"15":{"start":{"line":21,"column":18},"end":{"line":21,"column":42}},"16":{"start":{"line":22,"column":24},"end":{"line":22,"column":54}},"17":{"start":{"line":23,"column":23},"end":{"line":23,"column":36}},"18":{"start":{"line":25,"column":0},"end":{"line":25,"column":78}},"19":{"start":{"line":26,"column":0},"end":{"line":26,"column":24}},"20":{"start":{"line":27,"column":0},"end":{"line":27,"column":24}},"21":{"start":{"line":28,"column":0},"end":{"line":28,"column":39}},"22":{"start":{"line":30,"column":0},"end":{"line":30,"column":30}},"23":{"start":{"line":32,"column":0},"end":{"line":34,"column":3}},"24":{"start":{"line":33,"column":2},"end":{"line":33,"column":61}},"25":{"start":{"line":36,"column":0},"end":{"line":36,"column":21}}},"fnMap":{"0":{"name":"(anonymous_0)","decl":{"start":{"line":32,"column":17},"end":{"line":32,"column":18}},"loc":{"start":{"line":32,"column":23},"end":{"line":34,"column":1}},"line":32}},"branchMap":{},"s":{"0":1,"1":1,"2":1,"3":1,"4":1,"5":1,"6":1,"7":1,"8":1,"9":1,"10":1,"11":1,"12":1,"13":1,"14":1,"15":1,"16":1,"17":1,"18":1,"19":1,"20":1,"21":1,"22":1,"23":1,"24":0,"25":1},"f":{"0":0},"b":{},"_coverageSchema":"1a1c01bbd47fc00a2c39e90264f33305004495a9","hash":"dea1301e7f2ad65c990d84062f36a7e111495f44"}
,"/home/em/Desktop/project/AltBlog/controllers/auth.js": {"path":"/home/em/Desktop/project/AltBlog/controllers/auth.js","statementMap":{"0":{"start":{"line":1,"column":17},"end":{"line":1,"column":36}},"1":{"start":{"line":2,"column":22},"end":{"line":2,"column":56}},"2":{"start":{"line":3,"column":20},"end":{"line":3,"column":52}},"3":{"start":{"line":4,"column":19},"end":{"line":4,"column":53}},"4":{"start":{"line":6,"column":13},"end":{"line":6,"column":38}},"5":{"start":{"line":8,"column":0},"end":{"line":23,"column":2}},"6":{"start":{"line":16,"column":6},"end":{"line":20,"column":7}},"7":{"start":{"line":17,"column":8},"end":{"line":17,"column":38}},"8":{"start":{"line":19,"column":8},"end":{"line":19,"column":20}},"9":{"start":{"line":25,"column":0},"end":{"line":51,"column":2}},"10":{"start":{"line":34,"column":6},"end":{"line":48,"column":7}},"11":{"start":{"line":35,"column":27},"end":{"line":35,"column":46}},"12":{"start":{"line":36,"column":26},"end":{"line":36,"column":44}},"13":{"start":{"line":38,"column":21},"end":{"line":43,"column":10}},"14":{"start":{"line":45,"column":8},"end":{"line":45,"column":32}},"15":{"start":{"line":47,"column":8},"end":{"line":47,"column":20}},"16":{"start":{"line":53,"column":0},"end":{"line":81,"column":2}},"17":{"start":{"line":61,"column":6},"end":{"line":78,"column":7}},"18":{"start":{"line":62,"column":21},"end":{"line":62,"column":50}},"19":{"start":{"line":64,"column":8},"end":{"line":66,"column":9}},"20":{"start":{"line":65,"column":10},"end":{"line":65,"column":66}},"21":{"start":{"line":68,"column":25},"end":{"line":68,"column":61}},"22":{"start":{"line":70,"column":8},"end":{"line":72,"column":9}},"23":{"start":{"line":71,"column":10},"end":{"line":71,"column":66}},"24":{"start":{"line":74,"column":8},"end":{"line":74,"column":71}},"25":{"start":{"line":76,"column":8},"end":{"line":76,"column":27}},"26":{"start":{"line":77,"column":8},"end":{"line":77,"column":27}}},"fnMap":{"0":{"name":"(anonymous_0)","decl":{"start":{"line":15,"column":4},"end":{"line":15,"column":5}},"loc":{"start":{"line":15,"column":27},"end":{"line":21,"column":5}},"line":15},"1":{"name":"(anonymous_1)","decl":{"start":{"line":33,"column":4},"end":{"line":33,"column":5}},"loc":{"start":{"line":33,"column":42},"end":{"line":49,"column":5}},"line":33},"2":{"name":"(anonymous_2)","decl":{"start":{"line":60,"column":4},"end":{"line":60,"column":5}},"loc":{"start":{"line":60,"column":37},"end":{"line":79,"column":5}},"line":60}},"branchMap":{"0":{"loc":{"start":{"line":64,"column":8},"end":{"line":66,"column":9}},"type":"if","locations":[{"start":{"line":64,"column":8},"end":{"line":66,"column":9}},{"start":{},"end":{}}],"line":64},"1":{"loc":{"start":{"line":70,"column":8},"end":{"line":72,"column":9}},"type":"if","locations":[{"start":{"line":70,"column":8},"end":{"line":72,"column":9}},{"start":{},"end":{}}],"line":70}},"s":{"0":1,"1":1,"2":1,"3":1,"4":1,"5":1,"6":0,"7":0,"8":0,"9":1,"10":0,"11":0,"12":0,"13":0,"14":0,"15":0,"16":1,"17":0,"18":0,"19":0,"20":0,"21":0,"22":0,"23":0,"24":0,"25":0,"26":0},"f":{"0":0,"1":0,"2":0},"b":{"0":[0,0],"1":[0,0]},"_coverageSchema":"1a1c01bbd47fc00a2c39e90264f33305004495a9","hash":"2185c2d827c4986d404c9ad825bb9c49b6157f2c"}
,"/home/em/Desktop/project/AltBlog/controllers/blog.js": {"path":"/home/em/Desktop/project/AltBlog/controllers/blog.js","statementMap":{"0":{"start":{"line":1,"column":16},"end":{"line":1,"column":44}},"1":{"start":{"line":3,"column":0},"end":{"line":62,"column":2}},"2":{"start":{"line":4,"column":20},"end":{"line":4,"column":23}},"3":{"start":{"line":15,"column":6},"end":{"line":15,"column":11}},"4":{"start":{"line":17,"column":20},"end":{"line":17,"column":42}},"5":{"start":{"line":19,"column":2},"end":{"line":21,"column":3}},"6":{"start":{"line":20,"column":4},"end":{"line":20,"column":30}},"7":{"start":{"line":23,"column":2},"end":{"line":25,"column":3}},"8":{"start":{"line":24,"column":4},"end":{"line":24,"column":28}},"9":{"start":{"line":27,"column":2},"end":{"line":33,"column":3}},"10":{"start":{"line":28,"column":4},"end":{"line":32,"column":6}},"11":{"start":{"line":30,"column":8},"end":{"line":30,"column":26}},"12":{"start":{"line":35,"column":20},"end":{"line":35,"column":22}},"13":{"start":{"line":37,"column":25},"end":{"line":39,"column":4}},"14":{"start":{"line":38,"column":4},"end":{"line":38,"column":24}},"15":{"start":{"line":41,"column":2},"end":{"line":49,"column":3}},"16":{"start":{"line":42,"column":4},"end":{"line":44,"column":5}},"17":{"start":{"line":43,"column":6},"end":{"line":43,"column":31}},"18":{"start":{"line":46,"column":4},"end":{"line":48,"column":5}},"19":{"start":{"line":47,"column":6},"end":{"line":47,"column":32}},"20":{"start":{"line":51,"column":2},"end":{"line":61,"column":3}},"21":{"start":{"line":52,"column":21},"end":{"line":55,"column":22}},"22":{"start":{"line":57,"column":4},"end":{"line":57,"column":23}},"23":{"start":{"line":59,"column":4},"end":{"line":59,"column":45}},"24":{"start":{"line":60,"column":4},"end":{"line":60,"column":21}},"25":{"start":{"line":64,"column":0},"end":{"line":82,"column":2}},"26":{"start":{"line":65,"column":24},"end":{"line":65,"column":34}},"27":{"start":{"line":67,"column":2},"end":{"line":81,"column":3}},"28":{"start":{"line":68,"column":20},"end":{"line":71,"column":55}},"29":{"start":{"line":73,"column":4},"end":{"line":73,"column":25}},"30":{"start":{"line":75,"column":4},"end":{"line":75,"column":19}},"31":{"start":{"line":77,"column":4},"end":{"line":77,"column":22}},"32":{"start":{"line":79,"column":4},"end":{"line":79,"column":45}},"33":{"start":{"line":80,"column":4},"end":{"line":80,"column":21}}},"fnMap":{"0":{"name":"(anonymous_0)","decl":{"start":{"line":3,"column":22},"end":{"line":3,"column":23}},"loc":{"start":{"line":3,"column":48},"end":{"line":62,"column":1}},"line":3},"1":{"name":"(anonymous_1)","decl":{"start":{"line":29,"column":31},"end":{"line":29,"column":32}},"loc":{"start":{"line":29,"column":40},"end":{"line":31,"column":7}},"line":29},"2":{"name":"(anonymous_2)","decl":{"start":{"line":37,"column":49},"end":{"line":37,"column":50}},"loc":{"start":{"line":37,"column":60},"end":{"line":39,"column":3}},"line":37},"3":{"name":"(anonymous_3)","decl":{"start":{"line":64,"column":21},"end":{"line":64,"column":22}},"loc":{"start":{"line":64,"column":47},"end":{"line":82,"column":1}},"line":64}},"branchMap":{"0":{"loc":{"start":{"line":10,"column":4},"end":{"line":10,"column":17}},"type":"default-arg","locations":[{"start":{"line":10,"column":12},"end":{"line":10,"column":17}}],"line":10},"1":{"loc":{"start":{"line":11,"column":4},"end":{"line":11,"column":26}},"type":"default-arg","locations":[{"start":{"line":11,"column":15},"end":{"line":11,"column":26}}],"line":11},"2":{"loc":{"start":{"line":13,"column":4},"end":{"line":13,"column":12}},"type":"default-arg","locations":[{"start":{"line":13,"column":11},"end":{"line":13,"column":12}}],"line":13},"3":{"loc":{"start":{"line":14,"column":4},"end":{"line":14,"column":17}},"type":"default-arg","locations":[{"start":{"line":14,"column":15},"end":{"line":14,"column":17}}],"line":14},"4":{"loc":{"start":{"line":19,"column":2},"end":{"line":21,"column":3}},"type":"if","locations":[{"start":{"line":19,"column":2},"end":{"line":21,"column":3}},{"start":{},"end":{}}],"line":19},"5":{"loc":{"start":{"line":23,"column":2},"end":{"line":25,"column":3}},"type":"if","locations":[{"start":{"line":23,"column":2},"end":{"line":25,"column":3}},{"start":{},"end":{}}],"line":23},"6":{"loc":{"start":{"line":27,"column":2},"end":{"line":33,"column":3}},"type":"if","locations":[{"start":{"line":27,"column":2},"end":{"line":33,"column":3}},{"start":{},"end":{}}],"line":27},"7":{"loc":{"start":{"line":42,"column":4},"end":{"line":44,"column":5}},"type":"if","locations":[{"start":{"line":42,"column":4},"end":{"line":44,"column":5}},{"start":{},"end":{}}],"line":42},"8":{"loc":{"start":{"line":42,"column":8},"end":{"line":42,"column":35}},"type":"binary-expr","locations":[{"start":{"line":42,"column":8},"end":{"line":42,"column":23}},{"start":{"line":42,"column":27},"end":{"line":42,"column":35}}],"line":42},"9":{"loc":{"start":{"line":46,"column":4},"end":{"line":48,"column":5}},"type":"if","locations":[{"start":{"line":46,"column":4},"end":{"line":48,"column":5}},{"start":{},"end":{}}],"line":46},"10":{"loc":{"start":{"line":46,"column":8},"end":{"line":46,"column":36}},"type":"binary-expr","locations":[{"start":{"line":46,"column":8},"end":{"line":46,"column":24}},{"start":{"line":46,"column":28},"end":{"line":46,"column":36}}],"line":46}},"s":{"0":1,"1":1,"2":0,"3":0,"4":0,"5":0,"6":0,"7":0,"8":0,"9":0,"10":0,"11":0,"12":0,"13":0,"14":0,"15":0,"16":0,"17":0,"18":0,"19":0,"20":0,"21":0,"22":0,"23":0,"24":0,"25":1,"26":0,"27":0,"28":0,"29":0,"30":0,"31":0,"32":0,"33":0},"f":{"0":0,"1":0,"2":0,"3":0},"b":{"0":[0],"1":[0],"2":[0],"3":[0],"4":[0,0],"5":[0,0],"6":[0,0],"7":[0,0],"8":[0,0],"9":[0,0],"10":[0,0]},"_coverageSchema":"1a1c01bbd47fc00a2c39e90264f33305004495a9","hash":"85a718a12e6e5d6ca6425ff60000d9ae345f7214"}
,"/home/em/Desktop/project/AltBlog/controllers/error.js": {"path":"/home/em/Desktop/project/AltBlog/controllers/error.js","statementMap":{"0":{"start":{"line":1,"column":0},"end":{"line":3,"column":1}},"1":{"start":{"line":2,"column":4},"end":{"line":2,"column":59}}},"fnMap":{"0":{"name":"(anonymous_0)","decl":{"start":{"line":1,"column":19},"end":{"line":1,"column":20}},"loc":{"start":{"line":1,"column":39},"end":{"line":3,"column":1}},"line":1}},"branchMap":{},"s":{"0":1,"1":2},"f":{"0":2},"b":{},"_coverageSchema":"1a1c01bbd47fc00a2c39e90264f33305004495a9","hash":"99936a44c845f44292de605fb75a9cf8e0e0fd28"}
,"/home/em/Desktop/project/AltBlog/controllers/user.js": {"path":"/home/em/Desktop/project/AltBlog/controllers/user.js","statementMap":{"0":{"start":{"line":1,"column":16},"end":{"line":1,"column":44}},"1":{"start":{"line":3,"column":0},"end":{"line":27,"column":2}},"2":{"start":{"line":4,"column":20},"end":{"line":4,"column":23}},"3":{"start":{"line":5,"column":44},"end":{"line":5,"column":49}},"4":{"start":{"line":7,"column":20},"end":{"line":7,"column":40}},"5":{"start":{"line":9,"column":2},"end":{"line":12,"column":3}},"6":{"start":{"line":10,"column":4},"end":{"line":10,"column":28}},"7":{"start":{"line":11,"column":4},"end":{"line":11,"column":26}},"8":{"start":{"line":16,"column":2},"end":{"line":26,"column":3}},"9":{"start":{"line":17,"column":21},"end":{"line":20,"column":22}},"10":{"start":{"line":22,"column":4},"end":{"line":22,"column":23}},"11":{"start":{"line":24,"column":4},"end":{"line":24,"column":45}},"12":{"start":{"line":25,"column":4},"end":{"line":25,"column":21}},"13":{"start":{"line":33,"column":0},"end":{"line":64,"column":2}},"14":{"start":{"line":34,"column":16},"end":{"line":34,"column":30}},"15":{"start":{"line":35,"column":22},"end":{"line":35,"column":42}},"16":{"start":{"line":36,"column":15},"end":{"line":38,"column":4}},"17":{"start":{"line":37,"column":4},"end":{"line":37,"column":22}},"18":{"start":{"line":39,"column":15},"end":{"line":39,"column":28}},"19":{"start":{"line":40,"column":17},"end":{"line":40,"column":25}},"20":{"start":{"line":41,"column":23},"end":{"line":41,"column":44}},"21":{"start":{"line":43,"column":2},"end":{"line":46,"column":3}},"22":{"start":{"line":44,"column":4},"end":{"line":44,"column":61}},"23":{"start":{"line":45,"column":4},"end":{"line":45,"column":11}},"24":{"start":{"line":48,"column":18},"end":{"line":55,"column":4}},"25":{"start":{"line":57,"column":2},"end":{"line":63,"column":3}},"26":{"start":{"line":58,"column":4},"end":{"line":58,"column":25}},"27":{"start":{"line":59,"column":4},"end":{"line":59,"column":22}},"28":{"start":{"line":61,"column":4},"end":{"line":61,"column":45}},"29":{"start":{"line":62,"column":4},"end":{"line":62,"column":21}},"30":{"start":{"line":78,"column":0},"end":{"line":110,"column":2}},"31":{"start":{"line":79,"column":23},"end":{"line":79,"column":37}},"32":{"start":{"line":80,"column":29},"end":{"line":80,"column":49}},"33":{"start":{"line":81,"column":22},"end":{"line":83,"column":4}},"34":{"start":{"line":82,"column":4},"end":{"line":82,"column":22}},"35":{"start":{"line":84,"column":22},"end":{"line":84,"column":35}},"36":{"start":{"line":85,"column":30},"end":{"line":85,"column":58}},"37":{"start":{"line":86,"column":20},"end":{"line":86,"column":40}},"38":{"start":{"line":88,"column":2},"end":{"line":92,"column":3}},"39":{"start":{"line":89,"column":4},"end":{"line":89,"column":58}},"40":{"start":{"line":90,"column":4},"end":{"line":90,"column":68}},"41":{"start":{"line":91,"column":4},"end":{"line":91,"column":11}},"42":{"start":{"line":94,"column":2},"end":{"line":109,"column":3}},"43":{"start":{"line":95,"column":20},"end":{"line":95,"column":79}},"44":{"start":{"line":97,"column":4},"end":{"line":97,"column":33}},"45":{"start":{"line":98,"column":4},"end":{"line":98,"column":45}},"46":{"start":{"line":99,"column":4},"end":{"line":99,"column":47}},"47":{"start":{"line":100,"column":4},"end":{"line":100,"column":31}},"48":{"start":{"line":101,"column":4},"end":{"line":101,"column":31}},"49":{"start":{"line":103,"column":4},"end":{"line":103,"column":25}},"50":{"start":{"line":105,"column":4},"end":{"line":105,"column":22}},"51":{"start":{"line":107,"column":4},"end":{"line":107,"column":45}},"52":{"start":{"line":108,"column":4},"end":{"line":108,"column":21}},"53":{"start":{"line":112,"column":0},"end":{"line":124,"column":2}},"54":{"start":{"line":113,"column":20},"end":{"line":113,"column":40}},"55":{"start":{"line":115,"column":2},"end":{"line":123,"column":3}},"56":{"start":{"line":116,"column":20},"end":{"line":116,"column":79}},"57":{"start":{"line":117,"column":4},"end":{"line":117,"column":32}},"58":{"start":{"line":118,"column":4},"end":{"line":118,"column":25}},"59":{"start":{"line":119,"column":4},"end":{"line":119,"column":22}},"60":{"start":{"line":121,"column":4},"end":{"line":121,"column":45}},"61":{"start":{"line":122,"column":4},"end":{"line":122,"column":21}},"62":{"start":{"line":126,"column":0},"end":{"line":139,"column":2}},"63":{"start":{"line":127,"column":20},"end":{"line":127,"column":40}},"64":{"start":{"line":129,"column":2},"end":{"line":138,"column":3}},"65":{"start":{"line":130,"column":21},"end":{"line":133,"column":6}},"66":{"start":{"line":134,"column":4},"end":{"line":134,"column":23}},"67":{"start":{"line":136,"column":4},"end":{"line":136,"column":45}},"68":{"start":{"line":137,"column":4},"end":{"line":137,"column":21}},"69":{"start":{"line":142,"column":20},"end":{"line":142,"column":42}},"70":{"start":{"line":143,"column":2},"end":{"line":143,"column":38}}},"fnMap":{"0":{"name":"(anonymous_0)","decl":{"start":{"line":3,"column":22},"end":{"line":3,"column":23}},"loc":{"start":{"line":3,"column":48},"end":{"line":27,"column":1}},"line":3},"1":{"name":"(anonymous_1)","decl":{"start":{"line":33,"column":28},"end":{"line":33,"column":29}},"loc":{"start":{"line":33,"column":54},"end":{"line":64,"column":1}},"line":33},"2":{"name":"(anonymous_2)","decl":{"start":{"line":36,"column":44},"end":{"line":36,"column":45}},"loc":{"start":{"line":36,"column":53},"end":{"line":38,"column":3}},"line":36},"3":{"name":"(anonymous_3)","decl":{"start":{"line":78,"column":26},"end":{"line":78,"column":27}},"loc":{"start":{"line":78,"column":52},"end":{"line":110,"column":1}},"line":78},"4":{"name":"(anonymous_4)","decl":{"start":{"line":81,"column":51},"end":{"line":81,"column":52}},"loc":{"start":{"line":81,"column":60},"end":{"line":83,"column":3}},"line":81},"5":{"name":"(anonymous_5)","decl":{"start":{"line":112,"column":26},"end":{"line":112,"column":27}},"loc":{"start":{"line":112,"column":52},"end":{"line":124,"column":1}},"line":112},"6":{"name":"(anonymous_6)","decl":{"start":{"line":126,"column":29},"end":{"line":126,"column":30}},"loc":{"start":{"line":126,"column":55},"end":{"line":139,"column":1}},"line":126},"7":{"name":"calcReadingTime","decl":{"start":{"line":141,"column":9},"end":{"line":141,"column":24}},"loc":{"start":{"line":141,"column":31},"end":{"line":144,"column":1}},"line":141}},"branchMap":{"0":{"loc":{"start":{"line":5,"column":17},"end":{"line":5,"column":25}},"type":"default-arg","locations":[{"start":{"line":5,"column":24},"end":{"line":5,"column":25}}],"line":5},"1":{"loc":{"start":{"line":5,"column":27},"end":{"line":5,"column":39}},"type":"default-arg","locations":[{"start":{"line":5,"column":38},"end":{"line":5,"column":39}}],"line":5},"2":{"loc":{"start":{"line":9,"column":2},"end":{"line":12,"column":3}},"type":"if","locations":[{"start":{"line":9,"column":2},"end":{"line":12,"column":3}},{"start":{},"end":{}}],"line":9},"3":{"loc":{"start":{"line":43,"column":2},"end":{"line":46,"column":3}},"type":"if","locations":[{"start":{"line":43,"column":2},"end":{"line":46,"column":3}},{"start":{},"end":{}}],"line":43},"4":{"loc":{"start":{"line":88,"column":2},"end":{"line":92,"column":3}},"type":"if","locations":[{"start":{"line":88,"column":2},"end":{"line":92,"column":3}},{"start":{},"end":{}}],"line":88}},"s":{"0":1,"1":1,"2":0,"3":0,"4":0,"5":0,"6":0,"7":0,"8":0,"9":0,"10":0,"11":0,"12":0,"13":1,"14":0,"15":0,"16":0,"17":0,"18":0,"19":0,"20":0,"21":0,"22":0,"23":0,"24":0,"25":0,"26":0,"27":0,"28":0,"29":0,"30":1,"31":0,"32":0,"33":0,"34":0,"35":0,"36":0,"37":0,"38":0,"39":0,"40":0,"41":0,"42":0,"43":0,"44":0,"45":0,"46":0,"47":0,"48":0,"49":0,"50":0,"51":0,"52":0,"53":1,"54":0,"55":0,"56":0,"57":0,"58":0,"59":0,"60":0,"61":0,"62":1,"63":0,"64":0,"65":0,"66":0,"67":0,"68":0,"69":0,"70":0},"f":{"0":0,"1":0,"2":0,"3":0,"4":0,"5":0,"6":0,"7":0},"b":{"0":[0],"1":[0],"2":[0,0],"3":[0,0],"4":[0,0]},"_coverageSchema":"1a1c01bbd47fc00a2c39e90264f33305004495a9","hash":"9b76b2e5f62829067774573d0ae230f4bb1f6ac7"}
,"/home/em/Desktop/project/AltBlog/models/article.js": {"path":"/home/em/Desktop/project/AltBlog/models/article.js","statementMap":{"0":{"start":{"line":1,"column":17},"end":{"line":1,"column":36}},"1":{"start":{"line":3,"column":15},"end":{"line":3,"column":30}},"2":{"start":{"line":5,"column":22},"end":{"line":35,"column":2}},"3":{"start":{"line":37,"column":0},"end":{"line":37,"column":58}}},"fnMap":{},"branchMap":{},"s":{"0":1,"1":1,"2":1,"3":1},"f":{},"b":{},"_coverageSchema":"1a1c01bbd47fc00a2c39e90264f33305004495a9","hash":"e44f85a1604cbb7d7514a70b0e7044e7426e5c6b"}
,"/home/em/Desktop/project/AltBlog/models/user.js": {"path":"/home/em/Desktop/project/AltBlog/models/user.js","statementMap":{"0":{"start":{"line":1,"column":17},"end":{"line":1,"column":36}},"1":{"start":{"line":2,"column":15},"end":{"line":2,"column":32}},"2":{"start":{"line":4,"column":15},"end":{"line":4,"column":30}},"3":{"start":{"line":6,"column":19},"end":{"line":24,"column":2}},"4":{"start":{"line":27,"column":0},"end":{"line":36,"column":2}},"5":{"start":{"line":30,"column":19},"end":{"line":30,"column":23}},"6":{"start":{"line":31,"column":19},"end":{"line":31,"column":55}},"7":{"start":{"line":33,"column":6},"end":{"line":33,"column":27}},"8":{"start":{"line":34,"column":6},"end":{"line":34,"column":13}},"9":{"start":{"line":39,"column":0},"end":{"line":44,"column":1}},"10":{"start":{"line":40,"column":15},"end":{"line":40,"column":19}},"11":{"start":{"line":41,"column":18},"end":{"line":41,"column":63}},"12":{"start":{"line":43,"column":2},"end":{"line":43,"column":17}},"13":{"start":{"line":47,"column":0},"end":{"line":47,"column":52}}},"fnMap":{"0":{"name":"(anonymous_0)","decl":{"start":{"line":29,"column":2},"end":{"line":29,"column":3}},"loc":{"start":{"line":29,"column":24},"end":{"line":35,"column":3}},"line":29},"1":{"name":"(anonymous_1)","decl":{"start":{"line":39,"column":37},"end":{"line":39,"column":38}},"loc":{"start":{"line":39,"column":62},"end":{"line":44,"column":1}},"line":39}},"branchMap":{},"s":{"0":1,"1":1,"2":1,"3":1,"4":1,"5":0,"6":0,"7":0,"8":0,"9":1,"10":0,"11":0,"12":0,"13":1},"f":{"0":0,"1":0},"b":{},"_coverageSchema":"1a1c01bbd47fc00a2c39e90264f33305004495a9","hash":"7bcae488d9209279c8af8a9b78f7dcb41062027d"}
,"/home/em/Desktop/project/AltBlog/routes/auth.js": {"path":"/home/em/Desktop/project/AltBlog/routes/auth.js","statementMap":{"0":{"start":{"line":1,"column":16},"end":{"line":1,"column":34}},"1":{"start":{"line":2,"column":17},"end":{"line":2,"column":36}},"2":{"start":{"line":3,"column":12},"end":{"line":3,"column":35}},"3":{"start":{"line":4,"column":0},"end":{"line":4,"column":27}},"4":{"start":{"line":6,"column":15},"end":{"line":6,"column":31}},"5":{"start":{"line":8,"column":0},"end":{"line":17,"column":2}},"6":{"start":{"line":12,"column":4},"end":{"line":15,"column":7}},"7":{"start":{"line":19,"column":0},"end":{"line":43,"column":3}},"8":{"start":{"line":20,"column":2},"end":{"line":42,"column":21}},"9":{"start":{"line":21,"column":4},"end":{"line":41,"column":5}},"10":{"start":{"line":22,"column":6},"end":{"line":24,"column":7}},"11":{"start":{"line":23,"column":8},"end":{"line":23,"column":25}},"12":{"start":{"line":25,"column":6},"end":{"line":28,"column":7}},"13":{"start":{"line":26,"column":22},"end":{"line":26,"column":73}},"14":{"start":{"line":27,"column":8},"end":{"line":27,"column":27}},"15":{"start":{"line":30,"column":6},"end":{"line":38,"column":9}},"16":{"start":{"line":31,"column":8},"end":{"line":31,"column":38}},"17":{"start":{"line":31,"column":19},"end":{"line":31,"column":38}},"18":{"start":{"line":33,"column":21},"end":{"line":33,"column":57}},"19":{"start":{"line":35,"column":22},"end":{"line":35,"column":91}},"20":{"start":{"line":37,"column":8},"end":{"line":37,"column":35}},"21":{"start":{"line":40,"column":6},"end":{"line":40,"column":25}},"22":{"start":{"line":45,"column":0},"end":{"line":45,"column":24}}},"fnMap":{"0":{"name":"(anonymous_0)","decl":{"start":{"line":11,"column":2},"end":{"line":11,"column":3}},"loc":{"start":{"line":11,"column":28},"end":{"line":16,"column":3}},"line":11},"1":{"name":"(anonymous_1)","decl":{"start":{"line":19,"column":22},"end":{"line":19,"column":23}},"loc":{"start":{"line":19,"column":48},"end":{"line":43,"column":1}},"line":19},"2":{"name":"(anonymous_2)","decl":{"start":{"line":20,"column":33},"end":{"line":20,"column":34}},"loc":{"start":{"line":20,"column":60},"end":{"line":42,"column":3}},"line":20},"3":{"name":"(anonymous_3)","decl":{"start":{"line":30,"column":42},"end":{"line":30,"column":43}},"loc":{"start":{"line":30,"column":59},"end":{"line":38,"column":7}},"line":30}},"branchMap":{"0":{"loc":{"start":{"line":22,"column":6},"end":{"line":24,"column":7}},"type":"if","locations":[{"start":{"line":22,"column":6},"end":{"line":24,"column":7}},{"start":{},"end":{}}],"line":22},"1":{"loc":{"start":{"line":25,"column":6},"end":{"line":28,"column":7}},"type":"if","locations":[{"start":{"line":25,"column":6},"end":{"line":28,"column":7}},{"start":{},"end":{}}],"line":25},"2":{"loc":{"start":{"line":31,"column":8},"end":{"line":31,"column":38}},"type":"if","locations":[{"start":{"line":31,"column":8},"end":{"line":31,"column":38}},{"start":{},"end":{}}],"line":31}},"s":{"0":1,"1":1,"2":1,"3":1,"4":1,"5":1,"6":0,"7":1,"8":0,"9":0,"10":0,"11":0,"12":0,"13":0,"14":0,"15":0,"16":0,"17":0,"18":0,"19":0,"20":0,"21":0,"22":1},"f":{"0":0,"1":0,"2":0,"3":0},"b":{"0":[0,0],"1":[0,0],"2":[0,0]},"_coverageSchema":"1a1c01bbd47fc00a2c39e90264f33305004495a9","hash":"ccf8d2b4715ecc4238a831a97d7382d64b437612"}
,"/home/em/Desktop/project/AltBlog/routes/blog.js": {"path":"/home/em/Desktop/project/AltBlog/routes/blog.js","statementMap":{"0":{"start":{"line":1,"column":16},"end":{"line":1,"column":34}},"1":{"start":{"line":2,"column":15},"end":{"line":2,"column":31}},"2":{"start":{"line":4,"column":23},"end":{"line":4,"column":53}},"3":{"start":{"line":6,"column":0},"end":{"line":6,"column":51}},"4":{"start":{"line":8,"column":0},"end":{"line":8,"column":61}},"5":{"start":{"line":10,"column":0},"end":{"line":10,"column":23}}},"fnMap":{},"branchMap":{},"s":{"0":1,"1":1,"2":1,"3":1,"4":1,"5":1},"f":{},"b":{},"_coverageSchema":"1a1c01bbd47fc00a2c39e90264f33305004495a9","hash":"0c700ae5fb28401a8bf5b501ed5c84daeedf674b"}
,"/home/em/Desktop/project/AltBlog/routes/user.js": {"path":"/home/em/Desktop/project/AltBlog/routes/user.js","statementMap":{"0":{"start":{"line":1,"column":16},"end":{"line":1,"column":34}},"1":{"start":{"line":2,"column":15},"end":{"line":2,"column":31}},"2":{"start":{"line":4,"column":23},"end":{"line":4,"column":53}},"3":{"start":{"line":6,"column":0},"end":{"line":6,"column":51}},"4":{"start":{"line":9,"column":0},"end":{"line":9,"column":64}},"5":{"start":{"line":11,"column":0},"end":{"line":11,"column":84}},"6":{"start":{"line":14,"column":0},"end":{"line":14,"column":71}},"7":{"start":{"line":17,"column":0},"end":{"line":17,"column":76}},"8":{"start":{"line":19,"column":0},"end":{"line":19,"column":23}}},"fnMap":{},"branchMap":{},"s":{"0":1,"1":1,"2":1,"3":1,"4":1,"5":1,"6":1,"7":1,"8":1},"f":{},"b":{},"_coverageSchema":"1a1c01bbd47fc00a2c39e90264f33305004495a9","hash":"4b9317c13f006af83a8f834d424df1413d539556"}
,"/home/em/Desktop/project/AltBlog/utils/database.js": {"path":"/home/em/Desktop/project/AltBlog/utils/database.js","statementMap":{"0":{"start":{"line":1,"column":17},"end":{"line":1,"column":36}},"1":{"start":{"line":3,"column":16},"end":{"line":14,"column":1}},"2":{"start":{"line":4,"column":4},"end":{"line":4,"column":25}},"3":{"start":{"line":6,"column":4},"end":{"line":8,"column":7}},"4":{"start":{"line":7,"column":8},"end":{"line":7,"column":57}},"5":{"start":{"line":10,"column":4},"end":{"line":13,"column":7}},"6":{"start":{"line":11,"column":8},"end":{"line":11,"column":69}},"7":{"start":{"line":12,"column":8},"end":{"line":12,"column":25}},"8":{"start":{"line":16,"column":0},"end":{"line":18,"column":2}}},"fnMap":{"0":{"name":"(anonymous_0)","decl":{"start":{"line":3,"column":16},"end":{"line":3,"column":17}},"loc":{"start":{"line":3,"column":25},"end":{"line":14,"column":1}},"line":3},"1":{"name":"(anonymous_1)","decl":{"start":{"line":6,"column":40},"end":{"line":6,"column":41}},"loc":{"start":{"line":6,"column":46},"end":{"line":8,"column":5}},"line":6},"2":{"name":"(anonymous_2)","decl":{"start":{"line":10,"column":36},"end":{"line":10,"column":37}},"loc":{"start":{"line":10,"column":45},"end":{"line":13,"column":5}},"line":10}},"branchMap":{},"s":{"0":1,"1":1,"2":1,"3":1,"4":0,"5":1,"6":0,"7":0,"8":1},"f":{"0":1,"1":0,"2":0},"b":{},"_coverageSchema":"1a1c01bbd47fc00a2c39e90264f33305004495a9","hash":"fb0cfaefaf219143e305bf37744e57849cb8471d"}
}
